<?xml version="1.0" encoding="UTF-8"?>
<!-- Generated by org.testng.reporters.JUnitReportReporter -->
<testsuite skipped="0" hostname="LAPTOP-3F8AKDPU" name="FirstTC" tests="1" failures="0" timestamp="07 Nov 2019 18:54:28 GMT" time="0.019" errors="0">
  <testcase name="firsttestMethod1" time="0.019" classname="FirstTC"/>
</testsuite> <!-- FirstTC -->
